#-----------------------------------------------------------
# Vivado v2019.2 (64-bit)
# SW Build 2708876 on Wed Nov  6 21:40:23 MST 2019
# IP Build 2700528 on Thu Nov  7 00:09:20 MST 2019
# Start of session at: Mon May 25 00:43:08 2020
# Process ID: 15836
# Current directory: A:/github/lab22/tmp
# Command line: vivado.exe -gui_launcher_event rodinguilauncherevent11448 A:\github\lab22\tmp\lab2.xpr
# Log file: A:/github/lab22/tmp/vivado.log
# Journal file: A:/github/lab22/tmp\vivado.jou
#-----------------------------------------------------------
start_gui
open_project A:/github/lab22/tmp/lab2.xpr
INFO: [Project 1-313] Project file moved from 'C:/Users/User/Desktop/lab2/tmp' since last save.
Scanning sources...
Finished scanning sources
WARNING: [filemgmt 56-2] IPUserFilesDir: Could not find the directory 'A:/github/lab22/tmp/lab2.ip_user_files', nor could it be found using path 'C:/Users/User/Desktop/lab2/tmp/lab2.ip_user_files'.
INFO: [IP_Flow 19-234] Refreshing IP repositories
INFO: [IP_Flow 19-1704] No user IP repositories specified
INFO: [IP_Flow 19-2313] Loaded Vivado IP repository 'A:/Xilinx_Vivado_2019.2_1106_2127/Vivado/2019.2/data/ip'.
open_project: Time (s): cpu = 00:00:07 ; elapsed = 00:00:08 . Memory (MB): peak = 667.344 ; gain = 69.797
update_compile_order -fileset sources_1
add_files {A:/github/lab22/rtl/dc_hex.v A:/github/lab22/rtl/counter.v}
WARNING: [filemgmt 56-12] File 'A:/github/lab22/rtl/dc_hex.v' cannot be added to the project because it already exists in the project, skipping this file
WARNING: [filemgmt 56-12] File 'A:/github/lab22/rtl/counter.v' cannot be added to the project because it already exists in the project, skipping this file
close [ open A:/github/lab22/rtl/sm_key.v w ]
add_files A:/github/lab22/rtl/sm_key.v
update_compile_order -fileset sources_1
set_property SOURCE_SET sources_1 [get_filesets sim_1]
close [ open A:/github/lab22/tb/sm_key_tb.v w ]
add_files -fileset sim_1 A:/github/lab22/tb/sm_key_tb.v
update_compile_order -fileset sim_1
update_compile_order -fileset sources_1
exit
INFO: [Common 17-206] Exiting Vivado at Mon May 25 01:52:31 2020...
